#
# There is insufficient memory for the Java Runtime Environment to continue.
# Native memory allocation (malloc) failed to allocate 444816 bytes for Chunk::new
# Possible reasons:
#   The system is out of physical RAM or swap space
#   The process is running with CompressedOops enabled, and the Java Heap may be blocking the growth of the native heap
# Possible solutions:
#   Reduce memory load on the system
#   Increase physical memory or swap space
#   Check if swap backing store is full
#   Decrease Java heap size (-Xmx/-Xms)
#   Decrease number of Java threads
#   Decrease Java thread stack sizes (-Xss)
#   Set larger code cache with -XX:ReservedCodeCacheSize=
#   JVM is running with Unscaled Compressed Oops mode in which the Java heap is
#     placed in the first 4GB address space. The Java Heap base address is the
#     maximum limit for the native heap growth. Please use -XX:HeapBaseMinAddress
#     to set the Java Heap base and to place the Java Heap above 4GB virtual address.
# This output file may be truncated or incomplete.
#
#  Out of Memory Error (arena.cpp:189), pid=24620, tid=24756
#
# JRE version: OpenJDK Runtime Environment Microsoft-8035246 (17.0.8+7) (build 17.0.8+7-LTS)
# Java VM: OpenJDK 64-Bit Server VM Microsoft-8035246 (17.0.8+7-LTS, mixed mode, sharing, tiered, compressed oops, compressed class ptrs, g1 gc, windows-amd64)
# No core dump will be written. Minidumps are not enabled by default on client versions of Windows
#

---------------  S U M M A R Y ------------

Command Line: -Xmx64m -Xms64m -Dorg.gradle.appname=gradlew org.gradle.wrapper.GradleWrapperMain app:installDebug -PreactNativeDevServerPort=8081

Host: 11th Gen Intel(R) Core(TM) i7-1165G7 @ 2.80GHz, 8 cores, 7G,  Windows 11 , 64 bit Build 22621 (10.0.22621.4974)
Time: Sun Apr  6 03:04:58 2025 SE Asia Standard Time elapsed time: 0.540396 seconds (0d 0h 0m 0s)

---------------  T H R E A D  ---------------

Current thread (0x000002ab439c30f0):  JavaThread "C2 CompilerThread1" daemon [_thread_in_native, id=24756, stack(0x000000aea4600000,0x000000aea4700000)]


Current CompileTask:
C2:    540  507       4       java.util.HashSet::add (20 bytes)

Stack: [0x000000aea4600000,0x000000aea4700000]
Native frames: (J=compiled Java code, j=interpreted, Vv=VM code, C=native code)
V  [jvm.dll+0x67bf3a]
V  [jvm.dll+0x83a024]
V  [jvm.dll+0x83b7ce]
V  [jvm.dll+0x83be33]
V  [jvm.dll+0x24785f]
V  [jvm.dll+0xac3bc]
V  [jvm.dll+0xac98c]
V  [jvm.dll+0x3680b2]
V  [jvm.dll+0x332451]
V  [jvm.dll+0x3318fa]
V  [jvm.dll+0x21a131]
V  [jvm.dll+0x219551]
V  [jvm.dll+0x1a56b6]
V  [jvm.dll+0x2291ea]
V  [jvm.dll+0x22724c]
V  [jvm.dll+0x7efd0c]
V  [jvm.dll+0x7ea13a]
V  [jvm.dll+0x67ad85]
C  [ucrtbase.dll+0x29333]
C  [KERNEL32.DLL+0x1259d]
C  [ntdll.dll+0x5af38]


---------------  P R O C E S S  ---------------

Threads class SMR info:
_java_thread_list=0x000002ab43974900, length=13, elements={
0x000002ab29b92040, 0x000002ab435711b0, 0x000002ab43571d70, 0x000002ab43585740,
0x000002ab43588110, 0x000002ab4358aae0, 0x000002ab4358b4a0, 0x000002ab43590660,
0x000002ab43591110, 0x000002ab43595010, 0x000002ab437ca0a0, 0x000002ab437ca810,
0x000002ab439c30f0
}

Java Threads: ( => current thread )
  0x000002ab29b92040 JavaThread "main" [_thread_in_Java, id=25568, stack(0x000000aea3300000,0x000000aea3400000)]
  0x000002ab435711b0 JavaThread "Reference Handler" daemon [_thread_blocked, id=24644, stack(0x000000aea3a00000,0x000000aea3b00000)]
  0x000002ab43571d70 JavaThread "Finalizer" daemon [_thread_blocked, id=24640, stack(0x000000aea3b00000,0x000000aea3c00000)]
  0x000002ab43585740 JavaThread "Signal Dispatcher" daemon [_thread_blocked, id=24636, stack(0x000000aea3c00000,0x000000aea3d00000)]
  0x000002ab43588110 JavaThread "Attach Listener" daemon [_thread_blocked, id=24628, stack(0x000000aea3d00000,0x000000aea3e00000)]
  0x000002ab4358aae0 JavaThread "Service Thread" daemon [_thread_blocked, id=10232, stack(0x000000aea3e00000,0x000000aea3f00000)]
  0x000002ab4358b4a0 JavaThread "Monitor Deflation Thread" daemon [_thread_blocked, id=8160, stack(0x000000aea3f00000,0x000000aea4000000)]
  0x000002ab43590660 JavaThread "C2 CompilerThread0" daemon [_thread_in_native, id=24800, stack(0x000000aea4000000,0x000000aea4100000)]
  0x000002ab43591110 JavaThread "C1 CompilerThread0" daemon [_thread_in_native, id=24872, stack(0x000000aea4100000,0x000000aea4200000)]
  0x000002ab43595010 JavaThread "Sweeper thread" daemon [_thread_blocked, id=24768, stack(0x000000aea4200000,0x000000aea4300000)]
  0x000002ab437ca0a0 JavaThread "Notification Thread" daemon [_thread_blocked, id=24724, stack(0x000000aea4300000,0x000000aea4400000)]
  0x000002ab437ca810 JavaThread "Common-Cleaner" daemon [_thread_blocked, id=24704, stack(0x000000aea4500000,0x000000aea4600000)]
=>0x000002ab439c30f0 JavaThread "C2 CompilerThread1" daemon [_thread_in_native, id=24756, stack(0x000000aea4600000,0x000000aea4700000)]

Other Threads:
  0x000002ab4356a300 VMThread "VM Thread" [stack: 0x000000aea3900000,0x000000aea3a00000] [id=24648]
  0x000002ab437ca580 WatcherThread [stack: 0x000000aea4400000,0x000000aea4500000] [id=24836]
  0x000002ab29bb3be0 GCTaskThread "GC Thread#0" [stack: 0x000000aea3400000,0x000000aea3500000] [id=25572]
  0x000002ab29bb5330 ConcurrentGCThread "G1 Main Marker" [stack: 0x000000aea3500000,0x000000aea3600000] [id=25576]
  0x000002ab29bb5d40 ConcurrentGCThread "G1 Conc#0" [stack: 0x000000aea3600000,0x000000aea3700000] [id=13704]
  0x000002ab29c3b4f0 ConcurrentGCThread "G1 Refine#0" [stack: 0x000000aea3700000,0x000000aea3800000] [id=2968]
  0x000002ab29c3bf20 ConcurrentGCThread "G1 Service" [stack: 0x000000aea3800000,0x000000aea3900000] [id=14672]

Threads with active compile tasks:
C2 CompilerThread0      575  516       4       java.io.File::hashCode (8 bytes)
C2 CompilerThread1      575  507       4       java.util.HashSet::add (20 bytes)

VM state: not at safepoint (normal execution)

VM Mutex/Monitor currently owned by a thread: None

Heap address: 0x00000000fc000000, size: 64 MB, Compressed Oops mode: 32-bit

CDS archive(s) mapped at: [0x000002ab44000000-0x000002ab44bd0000-0x000002ab44bd0000), size 12386304, SharedBaseAddress: 0x000002ab44000000, ArchiveRelocationMode: 1.
Compressed class space mapped at: 0x000002ab45000000-0x000002ab85000000, reserved size: 1073741824
Narrow klass base: 0x000002ab44000000, Narrow klass shift: 0, Narrow klass range: 0x100000000

GC Precious Log:
 CPUs: 8 total, 8 available
 Memory: 7937M
 Large Page Support: Disabled
 NUMA Support: Disabled
 Compressed Oops: Enabled (32-bit)
 Heap Region Size: 1M
 Heap Min Capacity: 64M
 Heap Initial Capacity: 64M
 Heap Max Capacity: 64M
 Pre-touch: Disabled
 Parallel Workers: 8
 Concurrent Workers: 2
 Concurrent Refinement Workers: 8
 Periodic GC: Disabled

Heap:
 garbage-first heap   total 65536K, used 20480K [0x00000000fc000000, 0x0000000100000000)
  region size 1024K, 21 young (21504K), 0 survivors (0K)
 Metaspace       used 1735K, committed 1856K, reserved 1114112K
  class space    used 158K, committed 192K, reserved 1048576K

Heap Regions: E=young(eden), S=young(survivor), O=old, HS=humongous(starts), HC=humongous(continues), CS=collection set, F=free, OA=open archive, CA=closed archive, TAMS=top-at-mark-start (previous, next)
|   0|0x00000000fc000000, 0x00000000fc000000, 0x00000000fc100000|  0%| F|  |TAMS 0x00000000fc000000, 0x00000000fc000000| Untracked 
|   1|0x00000000fc100000, 0x00000000fc100000, 0x00000000fc200000|  0%| F|  |TAMS 0x00000000fc100000, 0x00000000fc100000| Untracked 
|   2|0x00000000fc200000, 0x00000000fc200000, 0x00000000fc300000|  0%| F|  |TAMS 0x00000000fc200000, 0x00000000fc200000| Untracked 
|   3|0x00000000fc300000, 0x00000000fc300000, 0x00000000fc400000|  0%| F|  |TAMS 0x00000000fc300000, 0x00000000fc300000| Untracked 
|   4|0x00000000fc400000, 0x00000000fc400000, 0x00000000fc500000|  0%| F|  |TAMS 0x00000000fc400000, 0x00000000fc400000| Untracked 
|   5|0x00000000fc500000, 0x00000000fc500000, 0x00000000fc600000|  0%| F|  |TAMS 0x00000000fc500000, 0x00000000fc500000| Untracked 
|   6|0x00000000fc600000, 0x00000000fc600000, 0x00000000fc700000|  0%| F|  |TAMS 0x00000000fc600000, 0x00000000fc600000| Untracked 
|   7|0x00000000fc700000, 0x00000000fc700000, 0x00000000fc800000|  0%| F|  |TAMS 0x00000000fc700000, 0x00000000fc700000| Untracked 
|   8|0x00000000fc800000, 0x00000000fc800000, 0x00000000fc900000|  0%| F|  |TAMS 0x00000000fc800000, 0x00000000fc800000| Untracked 
|   9|0x00000000fc900000, 0x00000000fc900000, 0x00000000fca00000|  0%| F|  |TAMS 0x00000000fc900000, 0x00000000fc900000| Untracked 
|  10|0x00000000fca00000, 0x00000000fca00000, 0x00000000fcb00000|  0%| F|  |TAMS 0x00000000fca00000, 0x00000000fca00000| Untracked 
|  11|0x00000000fcb00000, 0x00000000fcb00000, 0x00000000fcc00000|  0%| F|  |TAMS 0x00000000fcb00000, 0x00000000fcb00000| Untracked 
|  12|0x00000000fcc00000, 0x00000000fcc00000, 0x00000000fcd00000|  0%| F|  |TAMS 0x00000000fcc00000, 0x00000000fcc00000| Untracked 
|  13|0x00000000fcd00000, 0x00000000fcd00000, 0x00000000fce00000|  0%| F|  |TAMS 0x00000000fcd00000, 0x00000000fcd00000| Untracked 
|  14|0x00000000fce00000, 0x00000000fce00000, 0x00000000fcf00000|  0%| F|  |TAMS 0x00000000fce00000, 0x00000000fce00000| Untracked 
|  15|0x00000000fcf00000, 0x00000000fcf00000, 0x00000000fd000000|  0%| F|  |TAMS 0x00000000fcf00000, 0x00000000fcf00000| Untracked 
|  16|0x00000000fd000000, 0x00000000fd000000, 0x00000000fd100000|  0%| F|  |TAMS 0x00000000fd000000, 0x00000000fd000000| Untracked 
|  17|0x00000000fd100000, 0x00000000fd100000, 0x00000000fd200000|  0%| F|  |TAMS 0x00000000fd100000, 0x00000000fd100000| Untracked 
|  18|0x00000000fd200000, 0x00000000fd200000, 0x00000000fd300000|  0%| F|  |TAMS 0x00000000fd200000, 0x00000000fd200000| Untracked 
|  19|0x00000000fd300000, 0x00000000fd300000, 0x00000000fd400000|  0%| F|  |TAMS 0x00000000fd300000, 0x00000000fd300000| Untracked 
|  20|0x00000000fd400000, 0x00000000fd400000, 0x00000000fd500000|  0%| F|  |TAMS 0x00000000fd400000, 0x00000000fd400000| Untracked 
|  21|0x00000000fd500000, 0x00000000fd500000, 0x00000000fd600000|  0%| F|  |TAMS 0x00000000fd500000, 0x00000000fd500000| Untracked 
|  22|0x00000000fd600000, 0x00000000fd600000, 0x00000000fd700000|  0%| F|  |TAMS 0x00000000fd600000, 0x00000000fd600000| Untracked 
|  23|0x00000000fd700000, 0x00000000fd700000, 0x00000000fd800000|  0%| F|  |TAMS 0x00000000fd700000, 0x00000000fd700000| Untracked 
|  24|0x00000000fd800000, 0x00000000fd800000, 0x00000000fd900000|  0%| F|  |TAMS 0x00000000fd800000, 0x00000000fd800000| Untracked 
|  25|0x00000000fd900000, 0x00000000fd900000, 0x00000000fda00000|  0%| F|  |TAMS 0x00000000fd900000, 0x00000000fd900000| Untracked 
|  26|0x00000000fda00000, 0x00000000fda00000, 0x00000000fdb00000|  0%| F|  |TAMS 0x00000000fda00000, 0x00000000fda00000| Untracked 
|  27|0x00000000fdb00000, 0x00000000fdb00000, 0x00000000fdc00000|  0%| F|  |TAMS 0x00000000fdb00000, 0x00000000fdb00000| Untracked 
|  28|0x00000000fdc00000, 0x00000000fdc00000, 0x00000000fdd00000|  0%| F|  |TAMS 0x00000000fdc00000, 0x00000000fdc00000| Untracked 
|  29|0x00000000fdd00000, 0x00000000fdd00000, 0x00000000fde00000|  0%| F|  |TAMS 0x00000000fdd00000, 0x00000000fdd00000| Untracked 
|  30|0x00000000fde00000, 0x00000000fde00000, 0x00000000fdf00000|  0%| F|  |TAMS 0x00000000fde00000, 0x00000000fde00000| Untracked 
|  31|0x00000000fdf00000, 0x00000000fdf00000, 0x00000000fe000000|  0%| F|  |TAMS 0x00000000fdf00000, 0x00000000fdf00000| Untracked 
|  32|0x00000000fe000000, 0x00000000fe000000, 0x00000000fe100000|  0%| F|  |TAMS 0x00000000fe000000, 0x00000000fe000000| Untracked 
|  33|0x00000000fe100000, 0x00000000fe100000, 0x00000000fe200000|  0%| F|  |TAMS 0x00000000fe100000, 0x00000000fe100000| Untracked 
|  34|0x00000000fe200000, 0x00000000fe200000, 0x00000000fe300000|  0%| F|  |TAMS 0x00000000fe200000, 0x00000000fe200000| Untracked 
|  35|0x00000000fe300000, 0x00000000fe300000, 0x00000000fe400000|  0%| F|  |TAMS 0x00000000fe300000, 0x00000000fe300000| Untracked 
|  36|0x00000000fe400000, 0x00000000fe400000, 0x00000000fe500000|  0%| F|  |TAMS 0x00000000fe400000, 0x00000000fe400000| Untracked 
|  37|0x00000000fe500000, 0x00000000fe500000, 0x00000000fe600000|  0%| F|  |TAMS 0x00000000fe500000, 0x00000000fe500000| Untracked 
|  38|0x00000000fe600000, 0x00000000fe600000, 0x00000000fe700000|  0%| F|  |TAMS 0x00000000fe600000, 0x00000000fe600000| Untracked 
|  39|0x00000000fe700000, 0x00000000fe700000, 0x00000000fe800000|  0%| F|  |TAMS 0x00000000fe700000, 0x00000000fe700000| Untracked 
|  40|0x00000000fe800000, 0x00000000fe800000, 0x00000000fe900000|  0%| F|  |TAMS 0x00000000fe800000, 0x00000000fe800000| Untracked 
|  41|0x00000000fe900000, 0x00000000fe900000, 0x00000000fea00000|  0%| F|  |TAMS 0x00000000fe900000, 0x00000000fe900000| Untracked 
|  42|0x00000000fea00000, 0x00000000fea00000, 0x00000000feb00000|  0%| F|  |TAMS 0x00000000fea00000, 0x00000000fea00000| Untracked 
|  43|0x00000000feb00000, 0x00000000feb76450, 0x00000000fec00000| 46%| E|  |TAMS 0x00000000feb00000, 0x00000000feb00000| Complete 
|  44|0x00000000fec00000, 0x00000000fed00000, 0x00000000fed00000|100%| E|CS|TAMS 0x00000000fec00000, 0x00000000fec00000| Complete 
|  45|0x00000000fed00000, 0x00000000fee00000, 0x00000000fee00000|100%| E|CS|TAMS 0x00000000fed00000, 0x00000000fed00000| Complete 
|  46|0x00000000fee00000, 0x00000000fef00000, 0x00000000fef00000|100%| E|CS|TAMS 0x00000000fee00000, 0x00000000fee00000| Complete 
|  47|0x00000000fef00000, 0x00000000ff000000, 0x00000000ff000000|100%| E|CS|TAMS 0x00000000fef00000, 0x00000000fef00000| Complete 
|  48|0x00000000ff000000, 0x00000000ff100000, 0x00000000ff100000|100%| E|CS|TAMS 0x00000000ff000000, 0x00000000ff000000| Complete 
|  49|0x00000000ff100000, 0x00000000ff200000, 0x00000000ff200000|100%| E|CS|TAMS 0x00000000ff100000, 0x00000000ff100000| Complete 
|  50|0x00000000ff200000, 0x00000000ff300000, 0x00000000ff300000|100%| E|CS|TAMS 0x00000000ff200000, 0x00000000ff200000| Complete 
|  51|0x00000000ff300000, 0x00000000ff400000, 0x00000000ff400000|100%| E|CS|TAMS 0x00000000ff300000, 0x00000000ff300000| Complete 
|  52|0x00000000ff400000, 0x00000000ff500000, 0x00000000ff500000|100%| E|CS|TAMS 0x00000000ff400000, 0x00000000ff400000| Complete 
|  53|0x00000000ff500000, 0x00000000ff600000, 0x00000000ff600000|100%| E|CS|TAMS 0x00000000ff500000, 0x00000000ff500000| Complete 
|  54|0x00000000ff600000, 0x00000000ff700000, 0x00000000ff700000|100%| E|CS|TAMS 0x00000000ff600000, 0x00000000ff600000| Complete 
|  55|0x00000000ff700000, 0x00000000ff800000, 0x00000000ff800000|100%| E|CS|TAMS 0x00000000ff700000, 0x00000000ff700000| Complete 
|  56|0x00000000ff800000, 0x00000000ff900000, 0x00000000ff900000|100%| E|CS|TAMS 0x00000000ff800000, 0x00000000ff800000| Complete 
|  57|0x00000000ff900000, 0x00000000ffa00000, 0x00000000ffa00000|100%| E|CS|TAMS 0x00000000ff900000, 0x00000000ff900000| Complete 
|  58|0x00000000ffa00000, 0x00000000ffb00000, 0x00000000ffb00000|100%| E|CS|TAMS 0x00000000ffa00000, 0x00000000ffa00000| Complete 
|  59|0x00000000ffb00000, 0x00000000ffc00000, 0x00000000ffc00000|100%| E|CS|TAMS 0x00000000ffb00000, 0x00000000ffb00000| Complete 
|  60|0x00000000ffc00000, 0x00000000ffd00000, 0x00000000ffd00000|100%| E|CS|TAMS 0x00000000ffc00000, 0x00000000ffc00000| Complete 
|  61|0x00000000ffd00000, 0x00000000ffe00000, 0x00000000ffe00000|100%| E|CS|TAMS 0x00000000ffd00000, 0x00000000ffd00000| Complete 
|  62|0x00000000ffe00000, 0x00000000fff00000, 0x00000000fff00000|100%| E|CS|TAMS 0x00000000ffe00000, 0x00000000ffe00000| Complete 
|  63|0x00000000fff00000, 0x0000000100000000, 0x0000000100000000|100%| E|CS|TAMS 0x00000000fff00000, 0x00000000fff00000| Complete 

Card table byte_map: [0x000002ab27b60000,0x000002ab27b80000] _byte_map_base: 0x000002ab27380000

Marking Bits (Prev, Next): (CMBitMap*) 0x000002ab29bb4200, (CMBitMap*) 0x000002ab29bb4240
 Prev Bits: [0x000002ab409b0000, 0x000002ab40ab0000)
 Next Bits: [0x000002ab40ab0000, 0x000002ab40bb0000)

Polling page: 0x000002ab27b10000

Metaspace:

Usage:
  Non-class:      1.54 MB used.
      Class:    158.41 KB used.
       Both:      1.69 MB used.

Virtual space:
  Non-class space:       64.00 MB reserved,       1.62 MB (  3%) committed,  1 nodes.
      Class space:        1.00 GB reserved,     192.00 KB ( <1%) committed,  1 nodes.
             Both:        1.06 GB reserved,       1.81 MB ( <1%) committed. 

Chunk freelists:
   Non-Class:  11.73 MB
       Class:  15.69 MB
        Both:  27.43 MB

MaxMetaspaceSize: unlimited
CompressedClassSpaceSize: 1.00 GB
Initial GC threshold: 21.00 MB
Current GC threshold: 21.00 MB
CDS: on
MetaspaceReclaimPolicy: balanced
 - commit_granule_bytes: 65536.
 - commit_granule_words: 8192.
 - virtual_space_node_default_size: 8388608.
 - enlarge_chunks_in_place: 1.
 - new_chunks_are_fully_committed: 0.
 - uncommit_free_chunks: 1.
 - use_allocation_guard: 0.
 - handle_deallocations: 1.


Internal statistics:

num_allocs_failed_limit: 0.
num_arena_births: 12.
num_arena_deaths: 0.
num_vsnodes_births: 2.
num_vsnodes_deaths: 0.
num_space_committed: 29.
num_space_uncommitted: 0.
num_chunks_returned_to_freelist: 0.
num_chunks_taken_from_freelist: 41.
num_chunk_merges: 0.
num_chunk_splits: 19.
num_chunks_enlarged: 13.
num_inconsistent_stats: 0.

CodeHeap 'non-profiled nmethods': size=120000Kb used=208Kb max_used=208Kb free=119792Kb
 bounds [0x000002ab39150000, 0x000002ab393c0000, 0x000002ab40680000]
CodeHeap 'profiled nmethods': size=120000Kb used=938Kb max_used=938Kb free=119061Kb
 bounds [0x000002ab31680000, 0x000002ab318f0000, 0x000002ab38bb0000]
CodeHeap 'non-nmethods': size=5760Kb used=1148Kb max_used=1149Kb free=4611Kb
 bounds [0x000002ab38bb0000, 0x000002ab38e20000, 0x000002ab39150000]
 total_blobs=959 nmethods=557 adapters=315
 compilation: enabled
              stopped_count=0, restarted_count=0
 full_count=0

Compilation events (20 events):
Event: 0.530 Thread 0x000002ab43591110  534       3       java.util.jar.JarFile::getJarEntry (9 bytes)
Event: 0.531 Thread 0x000002ab43591110 nmethod 534 0x000002ab31757510 code [0x000002ab31757700, 0x000002ab31757bd8]
Event: 0.531 Thread 0x000002ab43591110  535       3       java.util.jar.JarFile::getEntry (35 bytes)
Event: 0.531 Thread 0x000002ab43591110 nmethod 535 0x000002ab31757d10 code [0x000002ab31757f00, 0x000002ab31758398]
Event: 0.531 Thread 0x000002ab43591110  536   !   3       java.nio.DirectLongBufferU::get (36 bytes)
Event: 0.532 Thread 0x000002ab43591110 nmethod 536 0x000002ab31758510 code [0x000002ab31758740, 0x000002ab31758f58]
Event: 0.532 Thread 0x000002ab43591110  537   !   3       jdk.internal.misc.ScopedMemoryAccess::getLong (20 bytes)
Event: 0.533 Thread 0x000002ab43591110 nmethod 537 0x000002ab31759410 code [0x000002ab317595e0, 0x000002ab31759a78]
Event: 0.533 Thread 0x000002ab43591110  538   !   3       jdk.internal.misc.ScopedMemoryAccess::getLongInternal (36 bytes)
Event: 0.533 Thread 0x000002ab43591110 nmethod 538 0x000002ab31759c90 code [0x000002ab31759e40, 0x000002ab3175a0a8]
Event: 0.533 Thread 0x000002ab43591110  539   !   3       java.nio.DirectLongBufferU::put (39 bytes)
Event: 0.534 Thread 0x000002ab43591110 nmethod 539 0x000002ab3175a210 code [0x000002ab3175a440, 0x000002ab3175acb8]
Event: 0.534 Thread 0x000002ab43591110  540   !   3       jdk.internal.misc.ScopedMemoryAccess::putLong (25 bytes)
Event: 0.534 Thread 0x000002ab43590660 nmethod 524% 0x000002ab3917f890 code [0x000002ab3917fa20, 0x000002ab3917fdb8]
Event: 0.534 Thread 0x000002ab43590660  525       4       java.util.HashMap::resize (356 bytes)
Event: 0.534 Thread 0x000002ab43591110 nmethod 540 0x000002ab3175b190 code [0x000002ab3175b380, 0x000002ab3175b858]
Event: 0.534 Thread 0x000002ab43591110  541       3       java.util.HashMap::<init> (11 bytes)
Event: 0.534 Thread 0x000002ab43591110 nmethod 541 0x000002ab3175ba90 code [0x000002ab3175bc40, 0x000002ab3175be18]
Event: 0.536 Thread 0x000002ab43591110  542       1       java.net.URL::getHost (5 bytes)
Event: 0.536 Thread 0x000002ab43591110 nmethod 542 0x000002ab3917ff10 code [0x000002ab391800a0, 0x000002ab39180178]

GC Heap History (0 events):
No events

Dll operation events (7 events):
Event: 0.007 Loaded shared library C:\Program Files\Microsoft\jdk-17.0.8.7-hotspot\bin\java.dll
Event: 0.036 Loaded shared library C:\Program Files\Microsoft\jdk-17.0.8.7-hotspot\bin\jsvml.dll
Event: 0.085 Loaded shared library C:\Program Files\Microsoft\jdk-17.0.8.7-hotspot\bin\net.dll
Event: 0.087 Loaded shared library C:\Program Files\Microsoft\jdk-17.0.8.7-hotspot\bin\nio.dll
Event: 0.090 Loaded shared library C:\Program Files\Microsoft\jdk-17.0.8.7-hotspot\bin\zip.dll
Event: 0.095 Loaded shared library C:\Program Files\Microsoft\jdk-17.0.8.7-hotspot\bin\verify.dll
Event: 0.523 Loaded shared library C:\Program Files\Microsoft\jdk-17.0.8.7-hotspot\bin\jimage.dll

Deoptimization events (20 events):
Event: 0.306 Thread 0x000002ab29b92040 DEOPT PACKING pc=0x000002ab316deabe sp=0x000000aea33fdf90
Event: 0.306 Thread 0x000002ab29b92040 DEOPT UNPACKING pc=0x000002ab38c0ace3 sp=0x000000aea33fd408 mode 0
Event: 0.314 Thread 0x000002ab29b92040 DEOPT PACKING pc=0x000002ab316d018c sp=0x000000aea33fdd80
Event: 0.314 Thread 0x000002ab29b92040 DEOPT UNPACKING pc=0x000002ab38c0ace3 sp=0x000000aea33fd210 mode 0
Event: 0.330 Thread 0x000002ab29b92040 DEOPT PACKING pc=0x000002ab316d22f2 sp=0x000000aea33fe0a0
Event: 0.330 Thread 0x000002ab29b92040 DEOPT UNPACKING pc=0x000002ab38c0ace3 sp=0x000000aea33fd560 mode 0
Event: 0.330 Thread 0x000002ab29b92040 DEOPT PACKING pc=0x000002ab316d22f2 sp=0x000000aea33fdf80
Event: 0.330 Thread 0x000002ab29b92040 DEOPT UNPACKING pc=0x000002ab38c0ace3 sp=0x000000aea33fd440 mode 0
Event: 0.335 Thread 0x000002ab29b92040 DEOPT PACKING pc=0x000002ab316d22f2 sp=0x000000aea33fe0a0
Event: 0.335 Thread 0x000002ab29b92040 DEOPT UNPACKING pc=0x000002ab38c0ace3 sp=0x000000aea33fd560 mode 0
Event: 0.336 Thread 0x000002ab29b92040 DEOPT PACKING pc=0x000002ab316d22f2 sp=0x000000aea33fe020
Event: 0.336 Thread 0x000002ab29b92040 DEOPT UNPACKING pc=0x000002ab38c0ace3 sp=0x000000aea33fd4e0 mode 0
Event: 0.341 Thread 0x000002ab29b92040 Uncommon trap: trap_request=0xffffff45 fr.pc=0x000002ab3915d410 relative=0x0000000000000090
Event: 0.341 Thread 0x000002ab29b92040 Uncommon trap: reason=unstable_if action=reinterpret pc=0x000002ab3915d410 method=java.util.regex.Pattern.append(II)V @ 9 c2
Event: 0.342 Thread 0x000002ab29b92040 DEOPT PACKING pc=0x000002ab3915d410 sp=0x000000aea33fdf20
Event: 0.342 Thread 0x000002ab29b92040 DEOPT UNPACKING pc=0x000002ab38c0a1a3 sp=0x000000aea33fdeb0 mode 2
Event: 0.436 Thread 0x000002ab29b92040 DEOPT PACKING pc=0x000002ab31702099 sp=0x000000aea33fe0a0
Event: 0.436 Thread 0x000002ab29b92040 DEOPT UNPACKING pc=0x000002ab38c0ace3 sp=0x000000aea33fd598 mode 0
Event: 0.451 Thread 0x000002ab29b92040 DEOPT PACKING pc=0x000002ab316ab2e6 sp=0x000000aea33fe0b0
Event: 0.451 Thread 0x000002ab29b92040 DEOPT UNPACKING pc=0x000002ab38c0ace3 sp=0x000000aea33fd5a0 mode 0

Classes unloaded (0 events):
No events

Classes redefined (0 events):
No events

Internal exceptions (1 events):
Event: 0.206 Thread 0x000002ab29b92040 Exception <a 'java/lang/NoSuchMethodError'{0x00000000ffdf6a48}: 'int java.lang.invoke.DirectMethodHandle$Holder.invokeStaticInit(java.lang.Object, java.lang.Object)'> (0x00000000ffdf6a48) 
thrown [s\src\hotspot\share\interpreter\linkResolver.cpp, line 759]

VM Operations (2 events):
Event: 0.091 Executing VM operation: HandshakeAllThreads
Event: 0.091 Executing VM operation: HandshakeAllThreads done

Events (20 events):
Event: 0.193 loading class jdk/internal/access/JavaIOFilePermissionAccess
Event: 0.193 loading class jdk/internal/access/JavaIOFilePermissionAccess done
Event: 0.193 loading class java/io/FilePermission$1 done
Event: 0.193 loading class java/io/FilePermissionCollection
Event: 0.193 loading class java/io/FilePermissionCollection done
Event: 0.193 loading class java/util/Vector
Event: 0.193 loading class java/util/Vector done
Event: 0.193 loading class java/io/FilePermissionCollection$1
Event: 0.193 loading class java/io/FilePermissionCollection$1 done
Event: 0.212 loading class java/net/MalformedURLException
Event: 0.212 loading class java/net/MalformedURLException done
Event: 0.213 loading class java/io/FileFilter
Event: 0.213 loading class java/io/FileFilter done
Event: 0.272 loading class java/util/AbstractList$Itr
Event: 0.272 loading class java/util/AbstractList$Itr done
Event: 0.289 loading class java/lang/invoke/DirectMethodHandle$Special
Event: 0.289 loading class java/lang/invoke/DirectMethodHandle$Special done
Event: 0.510 Thread 0x000002ab439c30f0 Thread added: 0x000002ab439c30f0
Event: 0.524 loading class jdk/internal/jimage/ImageLocation
Event: 0.525 loading class jdk/internal/jimage/ImageLocation done


Dynamic libraries:
0x00007ff6c3220000 - 0x00007ff6c322e000 	C:\Program Files\Microsoft\jdk-17.0.8.7-hotspot\bin\java.exe
0x00007ffa43150000 - 0x00007ffa43367000 	C:\WINDOWS\SYSTEM32\ntdll.dll
0x00007ffa417d0000 - 0x00007ffa41894000 	C:\WINDOWS\System32\KERNEL32.DLL
0x00007ffa409c0000 - 0x00007ffa40d91000 	C:\WINDOWS\System32\KERNELBASE.dll
0x00007ffa40400000 - 0x00007ffa40511000 	C:\WINDOWS\System32\ucrtbase.dll
0x00007ffa27a40000 - 0x00007ffa27a57000 	C:\Program Files\Microsoft\jdk-17.0.8.7-hotspot\bin\jli.dll
0x00007ffa41f80000 - 0x00007ffa42131000 	C:\WINDOWS\System32\USER32.dll
0x00007ffa27a60000 - 0x00007ffa27a7b000 	C:\Program Files\Microsoft\jdk-17.0.8.7-hotspot\bin\VCRUNTIME140.dll
0x00007ffa40550000 - 0x00007ffa40576000 	C:\WINDOWS\System32\win32u.dll
0x00007ffa20a60000 - 0x00007ffa20cf2000 	C:\WINDOWS\WinSxS\amd64_microsoft.windows.common-controls_6595b64144ccf1df_6.0.22621.4830_none_270fe7d773858e80\COMCTL32.dll
0x00007ffa42dc0000 - 0x00007ffa42de9000 	C:\WINDOWS\System32\GDI32.dll
0x00007ffa42190000 - 0x00007ffa42237000 	C:\WINDOWS\System32\msvcrt.dll
0x00007ffa40820000 - 0x00007ffa4093b000 	C:\WINDOWS\System32\gdi32full.dll
0x00007ffa40640000 - 0x00007ffa406da000 	C:\WINDOWS\System32\msvcp_win.dll
0x00007ffa40e20000 - 0x00007ffa40e51000 	C:\WINDOWS\System32\IMM32.DLL
0x00007ffa2daf0000 - 0x00007ffa2dafc000 	C:\Program Files\Microsoft\jdk-17.0.8.7-hotspot\bin\vcruntime140_1.dll
0x00007ffa166b0000 - 0x00007ffa1673d000 	C:\Program Files\Microsoft\jdk-17.0.8.7-hotspot\bin\msvcp140.dll
0x00007ff9e2d10000 - 0x00007ff9e3975000 	C:\Program Files\Microsoft\jdk-17.0.8.7-hotspot\bin\server\jvm.dll
0x00007ffa418a0000 - 0x00007ffa41951000 	C:\WINDOWS\System32\ADVAPI32.dll
0x00007ffa41df0000 - 0x00007ffa41e97000 	C:\WINDOWS\System32\sechost.dll
0x00007ffa40520000 - 0x00007ffa40548000 	C:\WINDOWS\System32\bcrypt.dll
0x00007ffa42e10000 - 0x00007ffa42f24000 	C:\WINDOWS\System32\RPCRT4.dll
0x00007ffa24dc0000 - 0x00007ffa24dc9000 	C:\WINDOWS\SYSTEM32\WSOCK32.dll
0x00007ffa3f8e0000 - 0x00007ffa3f92d000 	C:\WINDOWS\SYSTEM32\POWRPROF.dll
0x00007ffa35e50000 - 0x00007ffa35e5a000 	C:\WINDOWS\SYSTEM32\VERSION.dll
0x00007ffa39480000 - 0x00007ffa394b4000 	C:\WINDOWS\SYSTEM32\WINMM.dll
0x00007ffa43090000 - 0x00007ffa43101000 	C:\WINDOWS\System32\WS2_32.dll
0x00007ffa3f8c0000 - 0x00007ffa3f8d3000 	C:\WINDOWS\SYSTEM32\UMPDC.dll
0x00007ffa3f2e0000 - 0x00007ffa3f2f8000 	C:\WINDOWS\SYSTEM32\kernel.appcore.dll
0x00007ffa239b0000 - 0x00007ffa239ba000 	C:\Program Files\Microsoft\jdk-17.0.8.7-hotspot\bin\jimage.dll
0x00007ffa3dcb0000 - 0x00007ffa3dee2000 	C:\WINDOWS\SYSTEM32\DBGHELP.DLL
0x00007ffa410c0000 - 0x00007ffa41450000 	C:\WINDOWS\System32\combase.dll
0x00007ffa41ea0000 - 0x00007ffa41f77000 	C:\WINDOWS\System32\OLEAUT32.dll
0x00007ffa1dce0000 - 0x00007ffa1dd12000 	C:\WINDOWS\SYSTEM32\dbgcore.DLL
0x00007ffa40da0000 - 0x00007ffa40e1b000 	C:\WINDOWS\System32\bcryptPrimitives.dll
0x00007ffa22eb0000 - 0x00007ffa22ed5000 	C:\Program Files\Microsoft\jdk-17.0.8.7-hotspot\bin\java.dll
0x00007ff9f1ad0000 - 0x00007ff9f1ba7000 	C:\Program Files\Microsoft\jdk-17.0.8.7-hotspot\bin\jsvml.dll
0x00007ffa42530000 - 0x00007ffa42db8000 	C:\WINDOWS\System32\SHELL32.dll
0x00007ffa406e0000 - 0x00007ffa4081f000 	C:\WINDOWS\System32\wintypes.dll
0x00007ffa3e1b0000 - 0x00007ffa3eabd000 	C:\WINDOWS\SYSTEM32\windows.storage.dll
0x00007ffa416c0000 - 0x00007ffa417ca000 	C:\WINDOWS\System32\SHCORE.dll
0x00007ffa42260000 - 0x00007ffa422be000 	C:\WINDOWS\System32\shlwapi.dll
0x00007ffa401c0000 - 0x00007ffa401eb000 	C:\WINDOWS\SYSTEM32\profapi.dll
0x00007ffa22e40000 - 0x00007ffa22e59000 	C:\Program Files\Microsoft\jdk-17.0.8.7-hotspot\bin\net.dll
0x00007ffa3cc00000 - 0x00007ffa3cd2c000 	C:\WINDOWS\SYSTEM32\WINHTTP.dll
0x00007ffa3f7c0000 - 0x00007ffa3f82a000 	C:\WINDOWS\system32\mswsock.dll
0x00007ffa17270000 - 0x00007ffa17286000 	C:\Program Files\Microsoft\jdk-17.0.8.7-hotspot\bin\nio.dll
0x00007ffa17220000 - 0x00007ffa17238000 	C:\Program Files\Microsoft\jdk-17.0.8.7-hotspot\bin\zip.dll
0x00007ffa165f0000 - 0x00007ffa16600000 	C:\Program Files\Microsoft\jdk-17.0.8.7-hotspot\bin\verify.dll

dbghelp: loaded successfully - version: 4.0.5 - missing functions: none
symbol engine: initialized successfully - sym options: 0x614 - pdb path: .;C:\Program Files\Microsoft\jdk-17.0.8.7-hotspot\bin;C:\WINDOWS\SYSTEM32;C:\WINDOWS\WinSxS\amd64_microsoft.windows.common-controls_6595b64144ccf1df_6.0.22621.4830_none_270fe7d773858e80;C:\Program Files\Microsoft\jdk-17.0.8.7-hotspot\bin\server

VM Arguments:
jvm_args: -Xmx64m -Xms64m -Dorg.gradle.appname=gradlew 
java_command: org.gradle.wrapper.GradleWrapperMain app:installDebug -PreactNativeDevServerPort=8081
java_class_path (initial): F:\Nam_4\HMDrinks\hmdrinks_app_shipper\hmdrinks_shipper\android\\gradle\wrapper\gradle-wrapper.jar
Launcher Type: SUN_STANDARD

[Global flags]
     intx CICompilerCount                          = 4                                         {product} {ergonomic}
     uint ConcGCThreads                            = 2                                         {product} {ergonomic}
     uint G1ConcRefinementThreads                  = 8                                         {product} {ergonomic}
   size_t G1HeapRegionSize                         = 1048576                                   {product} {ergonomic}
    uintx GCDrainStackTargetSize                   = 64                                        {product} {ergonomic}
   size_t InitialHeapSize                          = 67108864                                  {product} {command line}
   size_t MarkStackSize                            = 4194304                                   {product} {ergonomic}
   size_t MaxHeapSize                              = 67108864                                  {product} {command line}
   size_t MaxNewSize                               = 39845888                                  {product} {ergonomic}
   size_t MinHeapDeltaBytes                        = 1048576                                   {product} {ergonomic}
   size_t MinHeapSize                              = 67108864                                  {product} {command line}
    uintx NonNMethodCodeHeapSize                   = 5839372                                {pd product} {ergonomic}
    uintx NonProfiledCodeHeapSize                  = 122909434                              {pd product} {ergonomic}
    uintx ProfiledCodeHeapSize                     = 122909434                              {pd product} {ergonomic}
    uintx ReservedCodeCacheSize                    = 251658240                              {pd product} {ergonomic}
     bool SegmentedCodeCache                       = true                                      {product} {ergonomic}
   size_t SoftMaxHeapSize                          = 67108864                               {manageable} {ergonomic}
     bool UseCompressedClassPointers               = true                           {product lp64_product} {ergonomic}
     bool UseCompressedOops                        = true                           {product lp64_product} {ergonomic}
     bool UseG1GC                                  = true                                      {product} {ergonomic}
     bool UseLargePagesIndividualAllocation        = false                                  {pd product} {ergonomic}

Logging:
Log output configuration:
 #0: stdout all=warning uptime,level,tags
 #1: stderr all=off uptime,level,tags

Environment Variables:
JAVA_HOME=C:\Program Files\Microsoft\jdk-17.0.8.7-hotspot\
CLASSPATH=F:\Nam_4\HMDrinks\hmdrinks_app_shipper\hmdrinks_shipper\android\\gradle\wrapper\gradle-wrapper.jar
PATH=F:\Nam_4\HMDrinks\hmdrinks_app_shipper\hmdrinks_shipper\node_modules\.bin;F:\Nam_4\HMDrinks\hmdrinks_app_shipper\hmdrinks_shipper\node_modules\.bin;F:\Nam_4\HMDrinks\hmdrinks_app_shipper\node_modules\.bin;F:\Nam_4\HMDrinks\node_modules\.bin;F:\Nam_4\node_modules\.bin;F:\node_modules\.bin;C:\Program Files\nodejs\node_modules\npm\node_modules\@npmcli\run-script\lib\node-gyp-bin;C:\Program Files\Microsoft\jdk-17.0.8.7-hotspot\bin;C:\Program Files\Microsoft MPI\Bin\;C:\Program Files\Common Files\Oracle\Java\javapath;C:\Program Files (x86)\Common Files\Oracle\Java\javapath;C:\windows\system32;C:\windows;C:\windows\System32\Wbem;C:\windows\System32\WindowsPowerShell\v1.0\;C:\windows\System32\OpenSSH\;C:\Program Files\Microsoft SQL Server\Client SDK\ODBC\170\Tools\Binn\;C:\Program Files\Git\cmd;C:\Program Files\Azure Data Studio\bin;C:\WINDOWS\system32;C:\WINDOWS;C:\WINDOWS\System32\Wbem;C:\WINDOWS\System32\WindowsPowerShell\v1.0\;C:\WINDOWS\System32\OpenSSH\;F:\HK1\LTWeb\bin;F:\HK1\LTWeb\JDK\bin;F:\HK1\LTWeb\JDK\bin;%MAVEN_HOME\bin;%JAVA_HOME\bin;C:\Program Files\Java\jdk-17\bin;F:\HK1\LTWeb\TOMCAT\apache-tomcat-9.0.65-windows-x64\apache-tomcat-9.0.65\bin;F:\HK1\LTWeb\MAVEN\apache-maven-3.8.6-bin\apache-maven-3.8.6\bin;C:\Program Files\MySQL\MySQL Server 8.0\bin;%JAVA_HOME\lib\security\cacerts;C:\Program Files\dotnet\;C:\ProgramData\chocolatey\bin;C:\Program Files\nodejs\;C:\WINDOWS\system32\config\systemprofile\AppData\Local\Android\Sdk;C:\WINDOWS\system32\config\systemprofile\AppData\Local\Android\Sdk\platform-tools;C:\Program Files\HP\HP One Agent;F:\MuyXue\Sonar\sonar-scanner-cli-5.0.1.3006-windows\sonar-scanner-5.0.1.3006-windows\bin;c:\Users\DIEM MY\AppData\Local\Programs\cursor\resources\app\bin;C:\Program Files\Microsoft SQL Server\150\Tools\Binn\;C:\Users\DIEM MY\AppData\Local\Android\Sdk\tools;C:\Users\DIEM MY\AppData\Local\Android\Sdk\tools;C:\Program Files\MySQL\MySQL Shell 8.0\bin\;C:\Users\DIEM MY\AppData\Local\Programs\Python\Python311\Scripts\;C:\Users\D
USERNAME=DIEM MY
LANG=en_US.UTF-8
OS=Windows_NT
PROCESSOR_IDENTIFIER=Intel64 Family 6 Model 140 Stepping 1, GenuineIntel
TMP=C:\Users\DIEMMY~1\AppData\Local\Temp
TEMP=C:\Users\DIEMMY~1\AppData\Local\Temp



---------------  S Y S T E M  ---------------

OS:
 Windows 11 , 64 bit Build 22621 (10.0.22621.4974)
OS uptime: 1 days 23:42 hours
Hyper-V role detected

CPU: total 8 (initial active 8) (4 cores per cpu, 2 threads per core) family 6 model 140 stepping 1 microcode 0xa4, cx8, cmov, fxsr, ht, mmx, 3dnowpref, sse, sse2, sse3, ssse3, sse4.1, sse4.2, popcnt, lzcnt, tsc, tscinvbit, avx, avx2, aes, erms, clmul, bmi1, bmi2, adx, avx512f, avx512dq, avx512cd, avx512bw, avx512vl, sha, fma, vzeroupper, avx512_vpopcntdq, avx512_vpclmulqdq, avx512_vaes, avx512_vnni, clflush, clflushopt, clwb, avx512_vbmi2, avx512_vbmi, hv
Processor Information for all 8 processors :
  Max Mhz: 2803, Current Mhz: 2803, Mhz Limit: 2803

Memory: 4k page, system-wide physical 7937M (456M free)
TotalPageFile size 32513M (AvailPageFile size 4M)
current process WorkingSet (physical memory assigned to process): 62M, peak: 62M
current process commit charge ("private bytes"): 149M, peak: 149M

vm_info: OpenJDK 64-Bit Server VM (17.0.8+7-LTS) for windows-amd64 JRE (17.0.8+7-LTS), built on Jul  7 2023 17:21:55 by "MicrosoftCorporation" with MS VC++ 16.10 / 16.11 (VS2019)

END.
